<?xml version="1.0" encoding="UTF-8"?>
<testng-results ignored="0" total="2" passed="2" failed="0" skipped="0">
  <reporter-output>
  </reporter-output>
  <suite started-at="2025-04-15T18:26:59Z" name="Default suite" finished-at="2025-04-15T18:27:00Z" duration-ms="1302">
    <groups>
      <group name="cucumber">
        <method signature="AbstractTestNGCucumberTests.runScenario(io.cucumber.testng.PickleWrapper, io.cucumber.testng.FeatureWrapper)[pri:0, instance:runners.TestRunner@7fb4f2a9]" name="runScenario" class="io.cucumber.testng.AbstractTestNGCucumberTests"/>
      </group> <!-- cucumber -->
    </groups>
    <test started-at="2025-04-15T18:26:59Z" name="Default test" finished-at="2025-04-15T18:27:00Z" duration-ms="1302">
      <class name="runners.TestRunner">
        <test-method is-config="true" signature="setUpClass(org.testng.ITestContext)[pri:0, instance:runners.TestRunner@7fb4f2a9]" started-at="2025-04-15T18:26:59Z" name="setUpClass" finished-at="2025-04-15T18:27:00Z" duration-ms="1073" status="PASS">
          <params>
            <param index="0">
              <value>
                <![CDATA[org.testng.TestRunner@323659f8]]>
              </value>
            </param>
          </params>
          <reporter-output>
          </reporter-output>
        </test-method> <!-- setUpClass -->
        <test-method signature="runScenario(io.cucumber.testng.PickleWrapper, io.cucumber.testng.FeatureWrapper)[pri:0, instance:runners.TestRunner@7fb4f2a9]" started-at="2025-04-15T18:27:00Z" name="runScenario" description="Runs Cucumber Scenarios" data-provider="scenarios" finished-at="2025-04-15T18:27:00Z" duration-ms="152" status="PASS">
          <params>
            <param index="0">
              <value>
                <![CDATA["Validating login with different credentials"]]>
              </value>
            </param>
            <param index="1">
              <value>
                <![CDATA["Login to Demo Web Shop"]]>
              </value>
            </param>
          </params>
          <reporter-output>
          </reporter-output>
        </test-method> <!-- runScenario -->
        <test-method signature="runScenario(io.cucumber.testng.PickleWrapper, io.cucumber.testng.FeatureWrapper)[pri:0, instance:runners.TestRunner@7fb4f2a9]" started-at="2025-04-15T18:27:00Z" name="runScenario" description="Runs Cucumber Scenarios" data-provider="scenarios" finished-at="2025-04-15T18:27:00Z" duration-ms="8" status="PASS">
          <params>
            <param index="0">
              <value>
                <![CDATA["Validating login with different credentials"]]>
              </value>
            </param>
            <param index="1">
              <value>
                <![CDATA["Login to Demo Web Shop"]]>
              </value>
            </param>
          </params>
          <reporter-output>
          </reporter-output>
        </test-method> <!-- runScenario -->
        <test-method is-config="true" signature="tearDownClass()[pri:0, instance:runners.TestRunner@7fb4f2a9]" started-at="2025-04-15T18:27:00Z" name="tearDownClass" finished-at="2025-04-15T18:27:00Z" duration-ms="35" status="PASS">
          <reporter-output>
          </reporter-output>
        </test-method> <!-- tearDownClass -->
      </class> <!-- runners.TestRunner -->
    </test> <!-- Default test -->
  </suite> <!-- Default suite -->
</testng-results>
